[tk-themes.net/html-heli/demo/index.html]
[backblue.gif]
[fade.gif]
[index.html]
[tk-themes.net/html-heli/demo/images/favicon.ico]
[tk-themes.net/html-heli/demo/css/bootstrap.min.css]
[tk-themes.net/html-heli/demo/css/font-awesome.min.css]
[tk-themes.net/html-heli/demo/css/pe-icon-7-stroke.css]
[tk-themes.net/html-heli/demo/css/settings.css]
[tk-themes.net/html-heli/demo/css/owl.carousel.css]
[tk-themes.net/html-heli/demo/css/owl.theme.css]
[tk-themes.net/html-heli/demo/css/owl.transitions.css]
[tk-themes.net/html-heli/demo/css/prettyPhoto.css]
[tk-themes.net/html-heli/demo/css/style.css]
[tk-themes.net/html-heli/demo/css/custom.css]
[tk-themes.net/html-heli/demo/about-us.html]
[tk-themes.net/html-heli/demo/portfolio.html]
[tk-themes.net/html-heli/demo/contact-us.html]
[tk-themes.net/html-heli/demo/faq.html]
[tk-themes.net/html-heli/demo/blog.html]
[tk-themes.net/html-heli/demo/main-homepage-2.html]
[tk-themes.net/html-heli/demo/main-homepage-1.html]
[tk-themes.net/html-heli/demo/modern-agency.html]
[tk-themes.net/html-heli/demo/creative-freedom.html]
[tk-themes.net/html-heli/demo/service-front-page.html]
[tk-themes.net/html-heli/demo/minimalist.html]
[tk-themes.net/html-heli/demo/app-landing.html]
[tk-themes.net/html-heli/demo/tech-journal.html]
[tk-themes.net/html-heli/demo/barber-shop.html]
[tk-themes.net/html-heli/demo/corporate.html]
[tk-themes.net/html-heli/demo/company.html]
[tk-themes.net/html-heli/demo/studio.html]
[tk-themes.net/html-heli/demo/minimal.html]
[tk-themes.net/html-heli/demo/freelancer.html]
[tk-themes.net/html-heli/demo/marketing.html]
[tk-themes.net/html-heli/demo/portfolio-metro.html]
[tk-themes.net/html-heli/demo/static-header.html]
[tk-themes.net/html-heli/demo/masonry-blog.html]
[tk-themes.net/html-heli/demo/split-slider.html]
[tk-themes.net/html-heli/demo/creative.html]
[tk-themes.net/html-heli/demo/online-shop.html]
[tk-themes.net/html-heli/demo/landing-page.html]
[tk-themes.net/html-heli/demo/masonry-portfolio.html]
[tk-themes.net/html-heli/demo/personal-v-card.html]
[tk-themes.net/html-heli/demo/index-gallery.html]
[tk-themes.net/html-heli/demo/architect.html]
[tk-themes.net/html-heli/demo/fashion-brand.html]
[tk-themes.net/html-heli/demo/event.html]
[tk-themes.net/html-heli/demo/coming-soon.html]
[tk-themes.net/html-heli/demo/one-page.html]
[tk-themes.net/html-heli/demo/business.html]
[tk-themes.net/html-heli/demo/interior.html]
[tk-themes.net/html-heli/demo/video-header.html]
[tk-themes.net/html-heli/demo/presentation.html]
[tk-themes.net/html-heli/demo/photofolio.html]
[tk-themes.net/html-heli/demo/restaurant.html]
[tk-themes.net/html-heli/demo/artist.html]
[tk-themes.net/html-heli/demo/travel.html]
[tk-themes.net/html-heli/demo/fitness.html]
[tk-themes.net/html-heli/demo/about-us-2.html]
[tk-themes.net/html-heli/demo/about-us-3.html]
[tk-themes.net/html-heli/demo/our-services.html]
[tk-themes.net/html-heli/demo/our-services-2.html]
[tk-themes.net/html-heli/demo/our-services-3.html]
[tk-themes.net/html-heli/demo/our-services-4.html]
[tk-themes.net/html-heli/demo/pricing.html]
[tk-themes.net/html-heli/demo/404.html]
[tk-themes.net/html-heli/demo/gallery.html]
[tk-themes.net/html-heli/demo/maintenance.html]
[tk-themes.net/html-heli/demo/masonry-boxed-2-columns.html]
[tk-themes.net/html-heli/demo/masonry-boxed-3-columns.html]
[tk-themes.net/html-heli/demo/masonry-boxed-4-columns.html]
[tk-themes.net/html-heli/demo/masonry-fullwidth-3-columns.html]
[tk-themes.net/html-heli/demo/masonry-fullwidth-4-columns.html]
[tk-themes.net/html-heli/demo/masonry-fullwidth-5-columns.html]
[tk-themes.net/html-heli/demo/grid-boxed-2-columns.html]
[tk-themes.net/html-heli/demo/grid-boxed-3-columns.html]
[tk-themes.net/html-heli/demo/grid-boxed-4-columns.html]
[tk-themes.net/html-heli/demo/grid-fullwidth-3-columns.html]
[tk-themes.net/html-heli/demo/grid-fullwidth-4-columns.html]
[tk-themes.net/html-heli/demo/grid-fullwidth-5-columns.html]
[tk-themes.net/html-heli/demo/project-image.html]
[tk-themes.net/html-heli/demo/project-image-slider.html]
[tk-themes.net/html-heli/demo/project-gallery.html]
[tk-themes.net/html-heli/demo/project-image-gallery.html]
[tk-themes.net/html-heli/demo/project-video.html]
[tk-themes.net/html-heli/demo/project-video-gallery.html]
[tk-themes.net/html-heli/demo/images/bulb.jpg]
[tk-themes.net/html-heli/demo/blog-grid-without-sidebar.html]
[tk-themes.net/html-heli/demo/blog-grid-with-sidebar.html]
[tk-themes.net/html-heli/demo/blog-image-detail.html]
[tk-themes.net/html-heli/demo/blog-slider-detail.html]
[tk-themes.net/html-heli/demo/blog-vimeo-detail.html]
[tk-themes.net/html-heli/demo/blog-youtube-detail.html]
[tk-themes.net/html-heli/demo/blog-audio-detail.html]
[tk-themes.net/html-heli/demo/shop.html]
[tk-themes.net/html-heli/demo/shop-with-sidebar.html]
[tk-themes.net/html-heli/demo/shop-detail.html]
[tk-themes.net/html-heli/demo/my-account.html]
[tk-themes.net/html-heli/demo/cart-empty.html]
[tk-themes.net/html-heli/demo/cart.html]
[tk-themes.net/html-heli/demo/checkout.html]
[tk-themes.net/html-heli/demo/accordion.html]
[tk-themes.net/html-heli/demo/button.html]
[tk-themes.net/html-heli/demo/alert-messages.html]
[tk-themes.net/html-heli/demo/call-to-action.html]
[tk-themes.net/html-heli/demo/charts.html]
[tk-themes.net/html-heli/demo/columns.html]
[tk-themes.net/html-heli/demo/counters.html]
[tk-themes.net/html-heli/demo/divider.html]
[tk-themes.net/html-heli/demo/drop-caps.html]
[tk-themes.net/html-heli/demo/forms.html]
[tk-themes.net/html-heli/demo/icon-boxes.html]
[tk-themes.net/html-heli/demo/lists.html]
[tk-themes.net/html-heli/demo/price-tables.html]
[tk-themes.net/html-heli/demo/process-infographic.html]
[tk-themes.net/html-heli/demo/tabs.html]
[tk-themes.net/html-heli/demo/testimonials-quotes.html]
[tk-themes.net/html-heli/demo/text-block.html]
[tk-themes.net/html-heli/demo/typography.html]
[tk-themes.net/html-heli/demo/countdown-clock.html]
[tk-themes.net/html-heli/demo/header-wide.html]
[tk-themes.net/html-heli/demo/header-transparent.html]
[tk-themes.net/html-heli/demo/header-boxed.html]
[tk-themes.net/html-heli/demo/header-centered.html]
[tk-themes.net/html-heli/demo/header-left-sidebar.html]
[tk-themes.net/html-heli/demo/header-offcanvas.html]
[tk-themes.net/html-heli/demo/footer-standard-dark.html]
[tk-themes.net/html-heli/demo/footer-standard-light.html]
[tk-themes.net/html-heli/demo/footer-simple.html]
[tk-themes.net/html-heli/demo/footer-centered.html]
[tk-themes.net/html-heli/demo/contact-us-2.html]
[tk-themes.net/html-heli/demo/images/slider/slider_4.jpg]
[tk-themes.net/html-heli/demo/images/slider/text_2.png]
[tk-themes.net/html-heli/demo/images/slider/slider_5.jpg]
[tk-themes.net/html-heli/demo/images/slider/slider_6.jpg]
[tk-themes.net/html-heli/demo/images/service/service_1.jpg]
[tk-themes.net/html-heli/demo/images/service/service_2.jpg]
[tk-themes.net/html-heli/demo/images/service/service_3.jpg]
[tk-themes.net/html-heli/demo/images/project/grid/project_1_600x600.jpg]
[tk-themes.net/html-heli/demo/images/project/grid/project_1_large.jpg]
[tk-themes.net/html-heli/demo/portfolio-detail.html]
[tk-themes.net/html-heli/demo/images/project/grid/project_2_600x600.jpg]
[tk-themes.net/html-heli/demo/images/project/grid/project_2_large.jpg]
[tk-themes.net/html-heli/demo/images/project/grid/project_3_600x600.jpg]
[tk-themes.net/html-heli/demo/images/project/grid/project_3_large.jpg]
[tk-themes.net/html-heli/demo/images/project/grid/project_4_600x600.jpg]
[tk-themes.net/html-heli/demo/images/project/grid/project_4_large.jpg]
[tk-themes.net/html-heli/demo/images/project/grid/project_5_600x600.jpg]
[tk-themes.net/html-heli/demo/images/project/grid/project_5_large.jpg]
[tk-themes.net/html-heli/demo/images/project/grid/project_6_600x600.jpg]
[tk-themes.net/html-heli/demo/images/project/grid/project_6_large.jpg]
[tk-themes.net/html-heli/demo/images/image_3.png]
[tk-themes.net/html-heli/demo/images/client/client_1.png]
[tk-themes.net/html-heli/demo/images/client/client_2.png]
[tk-themes.net/html-heli/demo/images/client/client_3.png]
[tk-themes.net/html-heli/demo/images/client/client_4.png]
[tk-themes.net/html-heli/demo/images/client/client_5.png]
[tk-themes.net/html-heli/demo/images/client/client_6.png]
[tk-themes.net/html-heli/demo/images/client/client_7.png]
[tk-themes.net/html-heli/demo/blog-detail.html]
[tk-themes.net/html-heli/demo/js/jquery-migrate.min.js]
[tk-themes.net/html-heli/demo/js/bootstrap.min.js]
[tk-themes.net/html-heli/demo/js/jquery.min.js]
[tk-themes.net/html-heli/demo/js/modernizr-2.7.1.min.js]
[tk-themes.net/html-heli/demo/js/imagesloaded.pkgd.min.js]
[tk-themes.net/html-heli/demo/js/packery-mode.pkgd.min.js]
[tk-themes.net/html-heli/demo/js/isotope.pkgd.min.js]
[tk-themes.net/html-heli/demo/js/jquery.justifiedGallery.min.js]
[tk-themes.net/html-heli/demo/js/jquery.isotope.init.js]
[tk-themes.net/html-heli/demo/js/jquery.sidr.min.js]
[tk-themes.net/html-heli/demo/js/jquery.countTo.js]
[tk-themes.net/html-heli/demo/js/headroom.min.js]
[tk-themes.net/html-heli/demo/js/owl.carousel.min.js]
[tk-themes.net/html-heli/demo/js/jQuery.headroom.js]
[tk-themes.net/html-heli/demo/js/jquery.prettyPhoto.js]
[tk-themes.net/html-heli/demo/js/bootstrap-progressbar.min.js]
[tk-themes.net/html-heli/demo/js/typed.js]
[tk-themes.net/html-heli/demo/js/waypoints.min.js]
[tk-themes.net/html-heli/demo/js/script.js]
[tk-themes.net/html-heli/demo/js/extensions/revolution.extension.video.min.js]
[tk-themes.net/html-heli/demo/js/extensions/revolution.extension.slideanims.min.js]
[tk-themes.net/html-heli/demo/js/jquery.themepunch.revolution.min.js]
[tk-themes.net/html-heli/demo/js/extensions/revolution.extension.actions.min.js]
[tk-themes.net/html-heli/demo/js/extensions/revolution.extension.kenburn.min.js]
[tk-themes.net/html-heli/demo/js/jquery.themepunch.tools.min.js]
[tk-themes.net/html-heli/demo/js/extensions/revolution.extension.navigation.min.js]
[tk-themes.net/html-heli/demo/js/extensions/revolution.extension.layeranimation.min.js]
[tk-themes.net/html-heli/demo/index.html]
[tk-themes.net/html-heli/demo/css/bootstrap.min.css]
[tk-themes.net/html-heli/demo/fonts/fontawesome-webfont5b62.eot]
[tk-themes.net/html-heli/demo/js/extensions/revolution.extension.parallax.min.js]
[tk-themes.net/html-heli/demo/js/extensions/revolution.extension.migration.min.js]
[tk-themes.net/html-heli/demo/fonts/fontawesome-webfontd41d.eot]
[tk-themes.net/html-heli/demo/fonts/fontawesome-webfont5b62.woff2]
[tk-themes.net/html-heli/demo/fonts/fontawesome-webfont5b62.woff]
[tk-themes.net/html-heli/demo/fonts/fontawesome-webfont5b62.ttf]
[tk-themes.net/html-heli/demo/css/font-awesome.min.css]
[tk-themes.net/html-heli/demo/fonts/Pe-icon-7-strokebb1d.eot]
[tk-themes.net/html-heli/demo/fonts/fontawesome-webfont5b62.svg]
[tk-themes.net/html-heli/demo/fonts/Pe-icon-7-stroked41d.eot]
[tk-themes.net/html-heli/demo/fonts/Pe-icon-7-strokebb1d.woff]
[tk-themes.net/html-heli/demo/fonts/Pe-icon-7-strokebb1d.ttf]
[tk-themes.net/html-heli/demo/css/pe-icon-7-stroke.css]
[tk-themes.net/html-heli/demo/fonts/Pe-icon-7-strokebb1d.svg]
[tk-themes.net/html-heli/demo/fonts/revicons90c6.eot]
[tk-themes.net/html-heli/demo/fonts/revicons90c6.woff]
[tk-themes.net/html-heli/demo/fonts/revicons90c6.ttf]
[tk-themes.net/html-heli/demo/fonts/revicons90c6.svg]
[tk-themes.net/html-heli/demo/images/openhand.cur]
[tk-themes.net/html-heli/demo/images/closedhand.cur]
[tk-themes.net/html-heli/demo/assets/gridtile.png]
[tk-themes.net/html-heli/demo/assets/gridtile_white.png]
[tk-themes.net/html-heli/demo/assets/gridtile_3x3.png]
[tk-themes.net/html-heli/demo/assets/gridtile_3x3_white.png]
[tk-themes.net/html-heli/demo/assets/coloredbg.png]
[tk-themes.net/html-heli/demo/css/settings.css]
[tk-themes.net/html-heli/demo/assets/loader.gif]
[tk-themes.net/html-heli/demo/images/grabbing.png]
[tk-themes.net/html-heli/demo/css/owl.carousel.css]
[tk-themes.net/html-heli/demo/css/owl.theme.css]
[tk-themes.net/html-heli/demo/css/owl.transitions.css]
[tk-themes.net/html-heli/demo/images/prettyPhoto/default/sprite.png]
[tk-themes.net/html-heli/demo/images/prettyPhoto/default/sprite_x.png]
[tk-themes.net/html-heli/demo/images/prettyPhoto/default/sprite_y.png]
[tk-themes.net/html-heli/demo/images/prettyPhoto/default/sprite_next.png]
[tk-themes.net/html-heli/demo/images/prettyPhoto/default/sprite_prev.png]
[tk-themes.net/html-heli/demo/images/prettyPhoto/default/default_thumb.png]
[tk-themes.net/html-heli/demo/images/prettyPhoto/default/loader.gif]
[tk-themes.net/html-heli/demo/images/prettyPhoto/light_rounded/sprite.png]
[tk-themes.net/html-heli/demo/images/prettyPhoto/light_rounded/btnNext.png]
[tk-themes.net/html-heli/demo/images/prettyPhoto/light_rounded/btnPrevious.png]
[tk-themes.net/html-heli/demo/images/prettyPhoto/light_rounded/loader.gif]
[tk-themes.net/html-heli/demo/images/prettyPhoto/dark_rounded/sprite.png]
[tk-themes.net/html-heli/demo/images/prettyPhoto/dark_rounded/contentPattern.png]
[tk-themes.net/html-heli/demo/images/prettyPhoto/dark_rounded/btnNext.png]
[tk-themes.net/html-heli/demo/images/prettyPhoto/dark_rounded/btnPrevious.png]
[tk-themes.net/html-heli/demo/images/prettyPhoto/dark_rounded/loader.gif]
[tk-themes.net/html-heli/demo/images/prettyPhoto/dark_square/loader.gif]
[tk-themes.net/html-heli/demo/images/prettyPhoto/dark_square/sprite.png]
[tk-themes.net/html-heli/demo/images/prettyPhoto/dark_square/btnNext.png]
[tk-themes.net/html-heli/demo/images/prettyPhoto/dark_square/btnPrevious.png]
[tk-themes.net/html-heli/demo/images/prettyPhoto/light_square/sprite.png]
[tk-themes.net/html-heli/demo/images/prettyPhoto/light_square/btnNext.png]
[tk-themes.net/html-heli/demo/images/prettyPhoto/light_square/btnPrevious.png]
[tk-themes.net/html-heli/demo/images/prettyPhoto/facebook/sprite.png]
[tk-themes.net/html-heli/demo/images/prettyPhoto/facebook/contentPatternTop.png]
[tk-themes.net/html-heli/demo/images/prettyPhoto/facebook/contentPatternLeft.png]
[tk-themes.net/html-heli/demo/images/prettyPhoto/facebook/contentPatternRight.png]
[tk-themes.net/html-heli/demo/images/prettyPhoto/facebook/loader.gif]
[tk-themes.net/html-heli/demo/images/prettyPhoto/facebook/btnNext.png]
[tk-themes.net/html-heli/demo/images/prettyPhoto/facebook/btnPrevious.png]
[tk-themes.net/html-heli/demo/images/prettyPhoto/facebook/contentPatternBottom.png]
[tk-themes.net/html-heli/demo/images/prettyPhoto/facebook/default_thumbnail.gif]
[tk-themes.net/html-heli/demo/css/prettyPhoto.css]
[tk-themes.net/html-heli/demo/fonts/star.eot]
[tk-themes.net/html-heli/demo/fonts/stard41d.eot]
[tk-themes.net/html-heli/demo/fonts/star.woff]
[tk-themes.net/html-heli/demo/fonts/star.ttf]
[tk-themes.net/html-heli/demo/fonts/star.svg]
[tk-themes.net/html-heli/demo/images/background/bg_7.jpg]
[tk-themes.net/html-heli/demo/images/background/bg_1.jpg]
[tk-themes.net/html-heli/demo/images/background/bg_2.jpg]
[tk-themes.net/html-heli/demo/images/background/bg_3.jpg]
[tk-themes.net/html-heli/demo/images/background/bg_4.svg]
[tk-themes.net/html-heli/demo/images/background/bg_5.jpg]
[tk-themes.net/html-heli/demo/images/background/bg_6.jpg]
[tk-themes.net/html-heli/demo/images/background/bg_8.jpg]
[tk-themes.net/html-heli/demo/images/background/bg_9.jpg]
[tk-themes.net/html-heli/demo/images/background/bg_12.jpg]
[tk-themes.net/html-heli/demo/images/background/bg_13.jpg]
[tk-themes.net/html-heli/demo/images/background/bg_14.jpg]
[tk-themes.net/html-heli/demo/images/background/bg_15.jpg]
[tk-themes.net/html-heli/demo/images/background/bg_16.jpg]
[tk-themes.net/html-heli/demo/images/background/bg_17.svg]
[tk-themes.net/html-heli/demo/images/background/bg_18.jpg]
[tk-themes.net/html-heli/demo/images/background/bg_19.jpg]
[tk-themes.net/html-heli/demo/images/background/bg_20.jpg]
[tk-themes.net/html-heli/demo/images/background/bg_21.jpg]
[tk-themes.net/html-heli/demo/images/background/bg_22.jpg]
[tk-themes.net/html-heli/demo/images/background/bg_23.jpg]
[tk-themes.net/html-heli/demo/images/background/bg_24.jpg]
[tk-themes.net/html-heli/demo/images/background/bg_25.jpg]
[tk-themes.net/html-heli/demo/images/background/bg_26.jpg]
[tk-themes.net/html-heli/demo/images/background/bg_27.jpg]
[tk-themes.net/html-heli/demo/images/background/bg_28.jpg]
[tk-themes.net/html-heli/demo/images/background/bg_29.jpg]
[tk-themes.net/html-heli/demo/images/background/bg_30.jpg]
[tk-themes.net/html-heli/demo/images/background/bg_31.jpg]
[tk-themes.net/html-heli/demo/images/background/bg_32.jpg]
[tk-themes.net/html-heli/demo/images/background/bg_33.jpg]
[tk-themes.net/html-heli/demo/images/background/bg_34.jpg]
[tk-themes.net/html-heli/demo/images/background/bg_35.jpg]
[tk-themes.net/html-heli/demo/images/background/bg_36.jpg]
[tk-themes.net/html-heli/demo/images/background/bg_37.jpg]
[tk-themes.net/html-heli/demo/images/background/bg_38.jpg]
[tk-themes.net/html-heli/demo/images/background/bg_39.jpg]
[tk-themes.net/html-heli/demo/images/background/bg_40.jpg]
[tk-themes.net/html-heli/demo/images/background/bg_41.jpg]
[tk-themes.net/html-heli/demo/images/background/bg_42.jpg]
[tk-themes.net/html-heli/demo/images/background/bg_43.jpg]
[tk-themes.net/html-heli/demo/images/background/bg_44.jpg]
[tk-themes.net/html-heli/demo/images/background/bg_45.jpg]
[tk-themes.net/html-heli/demo/images/background/bg_46.jpg]
[tk-themes.net/html-heli/demo/images/background/bg_47.jpg]
[tk-themes.net/html-heli/demo/images/background/bg_48.jpg]
[tk-themes.net/html-heli/demo/images/background/bg_49.jpg]
[tk-themes.net/html-heli/demo/images/background/bg_50.jpg]
[tk-themes.net/html-heli/demo/images/background/bg_51.jpg]
[tk-themes.net/html-heli/demo/images/background/bg_52.jpg]
[tk-themes.net/html-heli/demo/images/background/bg_53.jpg]
[tk-themes.net/html-heli/demo/images/background/bg_54.jpg]
[tk-themes.net/html-heli/demo/images/background/bg_55.jpg]
[tk-themes.net/html-heli/demo/images/background/bg_56.jpg]
[tk-themes.net/html-heli/demo/images/background/bg_57.jpg]
[tk-themes.net/html-heli/demo/images/background/bg_58.jpg]
[tk-themes.net/html-heli/demo/images/background/bg_coming_soon.jpg]
[tk-themes.net/html-heli/demo/images/background/bg_maintenance.jpg]
[tk-themes.net/html-heli/demo/images/feature/feature_1.jpg]
[tk-themes.net/html-heli/demo/css/style.css]
[tk-themes.net/html-heli/demo/css/custom.css]
[tk-themes.net/html-heli/demo/css/magnific-popup.css]
[tk-themes.net/html-heli/demo/css/animate.min.css]
[tk-themes.net/html-heli/demo/images/team/team_1.jpg]
[tk-themes.net/html-heli/demo/images/team/team_2.jpg]
[tk-themes.net/html-heli/demo/images/team/team_3.jpg]
[tk-themes.net/html-heli/demo/images/avatar/avatar_1.jpg]
[tk-themes.net/html-heli/demo/images/avatar/avatar_2.jpg]
[tk-themes.net/html-heli/demo/images/avatar/avatar_3.jpg]
[tk-themes.net/html-heli/demo/js/morphext.min.js]
[tk-themes.net/html-heli/demo/about-us.html]
[tk-themes.net/html-heli/demo/portfolio.html]
[tk-themes.net/html-heli/demo/images/map-marker.png]
[tk-themes.net/html-heli/demo/contact-us.html]
[tk-themes.net/html-heli/demo/faq.html]
[tk-themes.net/html-heli/demo/images/blog/blog_13.jpg]
[tk-themes.net/html-heli/demo/images/blog/blog_14.jpg]
[tk-themes.net/html-heli/demo/images/blog/blog_15.jpg]
[tk-themes.net/html-heli/demo/images/blog/blog_16.jpg]
[tk-themes.net/html-heli/demo/blog.html]
[tk-themes.net/html-heli/demo/images/logo.svg]
[tk-themes.net/html-heli/demo/images/image_2.png]
[tk-themes.net/html-heli/demo/images/project/grid/project_1.jpg]
[tk-themes.net/html-heli/demo/images/project/grid/project_2.jpg]
[tk-themes.net/html-heli/demo/images/project/grid/project_3.jpg]
[tk-themes.net/html-heli/demo/images/project/grid/project_4.jpg]
[tk-themes.net/html-heli/demo/images/project/grid/project_5.jpg]
[tk-themes.net/html-heli/demo/images/project/grid/project_6.jpg]
[tk-themes.net/html-heli/demo/main-homepage-2.html]
[tk-themes.net/html-heli/demo/images/slider/dummy.png]
[tk-themes.net/html-heli/demo/images/project/project_1.jpg]
[tk-themes.net/html-heli/demo/images/project/project_2.jpg]
[tk-themes.net/html-heli/demo/images/project/project_3.jpg]
[tk-themes.net/html-heli/demo/images/project/project_4.jpg]
[tk-themes.net/html-heli/demo/images/project/project_5.jpg]
[tk-themes.net/html-heli/demo/images/blog/blog_1.jpg]
[tk-themes.net/html-heli/demo/images/blog/blog_1_large.jpg]
[tk-themes.net/html-heli/demo/images/blog/blog_2.jpg]
[tk-themes.net/html-heli/demo/images/blog/blog_2_large.jpg]
[tk-themes.net/html-heli/demo/images/blog/blog_3.jpg]
[tk-themes.net/html-heli/demo/images/blog/blog_3_large.jpg]
[tk-themes.net/html-heli/demo/images/image_1.png]
[tk-themes.net/html-heli/demo/main-homepage-1.html]
[tk-themes.net/html-heli/demo/images/slider/ipad.png]
[tk-themes.net/html-heli/demo/images/slider/macbookpro.png]
[tk-themes.net/html-heli/demo/images/slider/slider_9.jpg]
[tk-themes.net/html-heli/demo/images/slider/arrow.png]
[tk-themes.net/html-heli/demo/modern-agency.html]
[tk-themes.net/html-heli/demo/images/slider/slider_11.jpg]
[tk-themes.net/html-heli/demo/images/slider/slider_12.jpg]
[tk-themes.net/html-heli/demo/images/slider/slider_13.jpg]
[tk-themes.net/html-heli/demo/creative-freedom.html]
[tk-themes.net/html-heli/demo/images/slider/slider_14.jpg]
[tk-themes.net/html-heli/demo/images/slider/slider_15.jpg]
[tk-themes.net/html-heli/demo/images/slider/greenstripe.png]
[tk-themes.net/html-heli/demo/images/slider/slider_16.jpg]
[tk-themes.net/html-heli/demo/images/logo.png]
[tk-themes.net/html-heli/demo/service-front-page.html]
[tk-themes.net/html-heli/demo/images/project/grid/project_1b.jpg]
[tk-themes.net/html-heli/demo/images/project/grid/project_2b.jpg]
[tk-themes.net/html-heli/demo/images/project/grid/project_3b.jpg]
[tk-themes.net/html-heli/demo/images/project/grid/project_4b.jpg]
[tk-themes.net/html-heli/demo/images/project/grid/project_5b.jpg]
[tk-themes.net/html-heli/demo/images/project/grid/project_6b.jpg]
[tk-themes.net/html-heli/demo/images/project/grid/project_7.jpg]
[tk-themes.net/html-heli/demo/images/project/grid/project_8.jpg]
[tk-themes.net/html-heli/demo/images/project/grid/project_9.jpg]
[tk-themes.net/html-heli/demo/minimalist.html]
[tk-themes.net/html-heli/demo/app-landing.html]
[tk-themes.net/html-heli/demo/tech-journal.html]
[tk-themes.net/html-heli/demo/images/slider/slider_20.jpg]
[tk-themes.net/html-heli/demo/images/slider/helibarber.png]
[tk-themes.net/html-heli/demo/images/x.png]
[tk-themes.net/html-heli/demo/images/background/bg_10.jpg]
[tk-themes.net/html-heli/demo/images/x2.png]
[tk-themes.net/html-heli/demo/images/background/bg_11.jpg]
[tk-themes.net/html-heli/demo/images/gallery/gallery_1.jpg]
[tk-themes.net/html-heli/demo/images/gallery/gallery_2.jpg]
[tk-themes.net/html-heli/demo/images/gallery/gallery_3.jpg]
[tk-themes.net/html-heli/demo/images/gallery/gallery_4.jpg]
[tk-themes.net/html-heli/demo/images/gallery/gallery_5.jpg]
[tk-themes.net/html-heli/demo/images/gallery/gallery_6.jpg]
[tk-themes.net/html-heli/demo/js/jquery.equalheights.min.js]
[tk-themes.net/html-heli/demo/barber-shop.html]
[tk-themes.net/html-heli/demo/images/slider/slider_21.jpg]
[tk-themes.net/html-heli/demo/images/slider/slider_22.jpg]
[tk-themes.net/html-heli/demo/images/slider/slider_23.jpg]
[tk-themes.net/html-heli/demo/images/iMac.jpg]
[tk-themes.net/html-heli/demo/images/blog/thumb/blog_1.jpg]
[tk-themes.net/html-heli/demo/images/blog/thumb/blog_2.jpg]
[tk-themes.net/html-heli/demo/images/blog/thumb/blog_3.jpg]
[tk-themes.net/html-heli/demo/corporate.html]
[tk-themes.net/html-heli/demo/company.html]
[tk-themes.net/html-heli/demo/images/image_4.jpg]
[tk-themes.net/html-heli/demo/images/image_5.jpg]
[tk-themes.net/html-heli/demo/studio.html]
[tk-themes.net/html-heli/demo/images/image_6.png]
[tk-themes.net/html-heli/demo/images/image_7.jpg]
[tk-themes.net/html-heli/demo/js/jquery.magnific-popup.min.js]
[tk-themes.net/html-heli/demo/minimal.html]
[tk-themes.net/html-heli/demo/images/project/grid/project_10.jpg]
[tk-themes.net/html-heli/demo/images/project/grid/project_11.jpg]
[tk-themes.net/html-heli/demo/images/project/grid/project_12.jpg]
[tk-themes.net/html-heli/demo/freelancer.html]
[tk-themes.net/html-heli/demo/images/image_8.jpg]
[tk-themes.net/html-heli/demo/marketing.html]
[tk-themes.net/html-heli/demo/images/project/project_6.jpg]
[tk-themes.net/html-heli/demo/images/project/project_7.jpg]
[tk-themes.net/html-heli/demo/images/project/project_8.jpg]
[tk-themes.net/html-heli/demo/images/project/project_9.jpg]
[tk-themes.net/html-heli/demo/images/project/project_10.jpg]
[tk-themes.net/html-heli/demo/images/project/project_11.jpg]
[tk-themes.net/html-heli/demo/images/project/project_12.jpg]
[tk-themes.net/html-heli/demo/images/project/project_13.jpg]
[tk-themes.net/html-heli/demo/images/project/project_14.jpg]
[tk-themes.net/html-heli/demo/images/project/project_15.jpg]
[tk-themes.net/html-heli/demo/images/project/project_16.jpg]
[tk-themes.net/html-heli/demo/images/project/project_17.jpg]
[tk-themes.net/html-heli/demo/images/project/project_18.jpg]
[tk-themes.net/html-heli/demo/portfolio-metro.html]
[tk-themes.net/html-heli/demo/images/slider/slider_35.jpg]
[tk-themes.net/html-heli/demo/images/image_9.png]
[tk-themes.net/html-heli/demo/static-header.html]
[tk-themes.net/html-heli/demo/images/blog/blog_4.jpg]
[tk-themes.net/html-heli/demo/images/blog/blog_4_large.jpg]
[tk-themes.net/html-heli/demo/images/blog/blog_5.jpg]
[tk-themes.net/html-heli/demo/images/blog/blog_5_large.jpg]
[tk-themes.net/html-heli/demo/images/blog/blog_6.jpg]
[tk-themes.net/html-heli/demo/images/blog/blog_6_large.jpg]
[tk-themes.net/html-heli/demo/images/blog/blog_7.jpg]
[tk-themes.net/html-heli/demo/images/blog/blog_7_large.jpg]
[tk-themes.net/html-heli/demo/images/blog/blog_8.jpg]
[tk-themes.net/html-heli/demo/images/blog/blog_8_large.jpg]
[tk-themes.net/html-heli/demo/images/blog/blog_9.jpg]
[tk-themes.net/html-heli/demo/images/blog/blog_9_large.jpg]
[tk-themes.net/html-heli/demo/masonry-blog.html]
[tk-themes.net/html-heli/demo/css/jquery.multiscroll.css]
[tk-themes.net/html-heli/demo/js/jquery.easings.min.js]
[tk-themes.net/html-heli/demo/split-slider.html]
[tk-themes.net/html-heli/demo/images/slider/transparent.png]
[tk-themes.net/html-heli/demo/js/jquery.multiscroll.min.js]
[tk-themes.net/html-heli/demo/images/slider/bongden.jpg]
[tk-themes.net/html-heli/demo/images/image_10.png]
[tk-themes.net/html-heli/demo/images/image_11.jpg]
[tk-themes.net/html-heli/demo/creative.html]
[tk-themes.net/html-heli/demo/images/slider/slider_36.jpg]
[tk-themes.net/html-heli/demo/images/slider/slider_37.jpg]
[tk-themes.net/html-heli/demo/images/slider/slider_38.jpg]
[tk-themes.net/html-heli/demo/images/shop/shop_1.jpg]
[tk-themes.net/html-heli/demo/images/shop/shop_2.jpg]
[tk-themes.net/html-heli/demo/images/shop/shop_3.jpg]
[tk-themes.net/html-heli/demo/images/shop/shop_4.jpg]
[tk-themes.net/html-heli/demo/images/shop/shop_5.jpg]
[tk-themes.net/html-heli/demo/images/shop/shop_6.jpg]
[tk-themes.net/html-heli/demo/images/shop/shop_7.jpg]
[tk-themes.net/html-heli/demo/images/shop/shop_8.jpg]
[tk-themes.net/html-heli/demo/online-shop.html]
[tk-themes.net/html-heli/demo/images/slider/slider_39.jpg]
[tk-themes.net/html-heli/demo/images/slider/tablet_mobile.png]
[tk-themes.net/html-heli/demo/images/slider/slider_40.jpg]
[tk-themes.net/html-heli/demo/images/slider/slider_41.jpg]
[tk-themes.net/html-heli/demo/images/logos.png]
[tk-themes.net/html-heli/demo/images/pricing/pricing_1.jpg]
[tk-themes.net/html-heli/demo/images/pricing/pricing_2.jpg]
[tk-themes.net/html-heli/demo/images/pricing/pricing_3.jpg]
[tk-themes.net/html-heli/demo/images/pricing/pricing_4.jpg]
[tk-themes.net/html-heli/demo/landing-page.html]
[tk-themes.net/html-heli/demo/images/project/grid/project_13.jpg]
[tk-themes.net/html-heli/demo/masonry-portfolio.html]
[tk-themes.net/html-heli/demo/personal-v-card.html]
[tk-themes.net/html-heli/demo/index-gallery.html]
[tk-themes.net/html-heli/demo/architect.html]
[tk-themes.net/html-heli/demo/images/slider/slider_45.jpg]
[tk-themes.net/html-heli/demo/images/slider/slider_46.jpg]
[tk-themes.net/html-heli/demo/images/image_12.jpg]
[tk-themes.net/html-heli/demo/images/image_13.jpg]
[tk-themes.net/html-heli/demo/images/image_14.jpg]
[tk-themes.net/html-heli/demo/images/image_15.jpg]
[tk-themes.net/html-heli/demo/fashion-brand.html]
[tk-themes.net/html-heli/demo/images/image_16.jpg]
[tk-themes.net/html-heli/demo/images/image_17.jpg]
[tk-themes.net/html-heli/demo/images/image_18.jpg]
[tk-themes.net/html-heli/demo/images/image_19.jpg]
[tk-themes.net/html-heli/demo/js/jquery.singlePageNav.js]
[tk-themes.net/html-heli/demo/event.html]
[tk-themes.net/html-heli/demo/coming-soon.html]
[tk-themes.net/html-heli/demo/one-page.html]
[tk-themes.net/html-heli/demo/images/slider/slider_49.png]
[tk-themes.net/html-heli/demo/js/jquery.countdown.min.js]
[tk-themes.net/html-heli/demo/images/slider/p_1.png]
[tk-themes.net/html-heli/demo/images/slider/p_2.png]
[tk-themes.net/html-heli/demo/images/slider/p_3.png]
[tk-themes.net/html-heli/demo/business.html]
[tk-themes.net/html-heli/demo/images/image_20.jpg]
[tk-themes.net/html-heli/demo/images/image_21.jpg]
[tk-themes.net/html-heli/demo/images/shop/shop_9.jpg]
[tk-themes.net/html-heli/demo/images/shop/shop_10.jpg]
[tk-themes.net/html-heli/demo/images/shop/shop_11.jpg]
[tk-themes.net/html-heli/demo/images/shop/shop_12.jpg]
[tk-themes.net/html-heli/demo/images/shop/shop_13.jpg]
[tk-themes.net/html-heli/demo/images/shop/shop_14.jpg]
[tk-themes.net/html-heli/demo/interior.html]
[tk-themes.net/html-heli/demo/1&title=0&byline=0&portrait=0&api=1_]
[tk-themes.net/html-heli/demo/images/slider/text_3.png]
[tk-themes.net/html-heli/demo/video-header.html]
[tk-themes.net/html-heli/demo/css/jquery.fullPage.css]
[tk-themes.net/html-heli/demo/presentation.html]
[tk-themes.net/html-heli/demo/js/fullpage.responsiveSlides.limited.min.js]
[tk-themes.net/html-heli/demo/images/slider/slider_58.jpg]
[tk-themes.net/html-heli/demo/images/slider/slider_59.jpg]
[tk-themes.net/html-heli/demo/js/jquery.fullpage.extensions.min.js]
[tk-themes.net/html-heli/demo/images/slider/slider_60.jpg]
[tk-themes.net/html-heli/demo/photofolio.html]
[tk-themes.net/html-heli/demo/images/gallery/gallery_7.jpg]
[tk-themes.net/html-heli/demo/images/gallery/gallery_8.jpg]
[tk-themes.net/html-heli/demo/images/gallery/gallery_9.jpg]
[tk-themes.net/html-heli/demo/images/gallery/gallery_10.jpg]
[tk-themes.net/html-heli/demo/images/gallery/gallery_11.jpg]
[tk-themes.net/html-heli/demo/images/gallery/gallery_12.jpg]
[tk-themes.net/html-heli/demo/restaurant.html]
[tk-themes.net/html-heli/demo/images/text.png]
[tk-themes.net/html-heli/demo/images/image_22.jpg]
[tk-themes.net/html-heli/demo/images/gallery/gallery_13.jpg]
[tk-themes.net/html-heli/demo/images/gallery/gallery_14.jpg]
[tk-themes.net/html-heli/demo/images/gallery/gallery_15.jpg]
[tk-themes.net/html-heli/demo/images/gallery/gallery_16.jpg]
[tk-themes.net/html-heli/demo/images/gallery/gallery_17.jpg]
[tk-themes.net/html-heli/demo/images/gallery/gallery_18.jpg]
[tk-themes.net/html-heli/demo/images/gallery/gallery_19.jpg]
[tk-themes.net/html-heli/demo/images/gallery/gallery_20.jpg]
[tk-themes.net/html-heli/demo/artist.html]
[tk-themes.net/html-heli/demo/images/slider/slider_62.jpg]
[tk-themes.net/html-heli/demo/images/image_23.jpg]
[tk-themes.net/html-heli/demo/images/blog/blog_10.jpg]
[tk-themes.net/html-heli/demo/images/blog/blog_11.jpg]
[tk-themes.net/html-heli/demo/images/blog/blog_12.jpg]
[tk-themes.net/html-heli/demo/travel.html]
[tk-themes.net/html-heli/demo/images/slider/slider_63.jpg]
[tk-themes.net/html-heli/demo/images/image_24.jpg]
[tk-themes.net/html-heli/demo/images/feature/feature_2.jpg]
[tk-themes.net/html-heli/demo/images/feature/feature_3.jpg]
[tk-themes.net/html-heli/demo/images/feature/feature_4.jpg]
[tk-themes.net/html-heli/demo/images/image_25.jpg]
[tk-themes.net/html-heli/demo/fitness.html]
[tk-themes.net/html-heli/demo/about-us-2.html]
[tk-themes.net/html-heli/demo/about-us-3.html]
[tk-themes.net/html-heli/demo/images/image_26.png]
[tk-themes.net/html-heli/demo/our-services.html]
[tk-themes.net/html-heli/demo/images/service/service_4.jpg]
[tk-themes.net/html-heli/demo/images/service/service_5.jpg]
[tk-themes.net/html-heli/demo/images/service/service_6.jpg]
[tk-themes.net/html-heli/demo/images/service/service_7.jpg]
[tk-themes.net/html-heli/demo/our-services-2.html]
[tk-themes.net/html-heli/demo/images/service/service_8.jpg]
[tk-themes.net/html-heli/demo/images/service/service_9.jpg]
[tk-themes.net/html-heli/demo/images/service/service_10.jpg]
[tk-themes.net/html-heli/demo/images/service/service_11.jpg]
[tk-themes.net/html-heli/demo/images/service/service_12.jpg]
[tk-themes.net/html-heli/demo/images/service/service_13.jpg]
[tk-themes.net/html-heli/demo/our-services-3.html]
[tk-themes.net/html-heli/demo/images/service/service_14.jpg]
[tk-themes.net/html-heli/demo/images/service/service_15.jpg]
[tk-themes.net/html-heli/demo/our-services-4.html]
[tk-themes.net/html-heli/demo/images/image_27.png]
[tk-themes.net/html-heli/demo/pricing.html]
[tk-themes.net/html-heli/demo/images/404.png]
[tk-themes.net/html-heli/demo/404.html]
[tk-themes.net/html-heli/demo/gallery.html]
[tk-themes.net/html-heli/demo/images/maintenance_2.png]
[tk-themes.net/html-heli/demo/maintenance.html]
[tk-themes.net/html-heli/demo/masonry-boxed-2-columns.html]
[tk-themes.net/html-heli/demo/masonry-boxed-3-columns.html]
[tk-themes.net/html-heli/demo/masonry-boxed-4-columns.html]
[tk-themes.net/html-heli/demo/masonry-fullwidth-3-columns.html]
[tk-themes.net/html-heli/demo/masonry-fullwidth-4-columns.html]
[tk-themes.net/html-heli/demo/masonry-fullwidth-5-columns.html]
[tk-themes.net/html-heli/demo/grid-boxed-2-columns.html]
[tk-themes.net/html-heli/demo/grid-boxed-3-columns.html]
[tk-themes.net/html-heli/demo/grid-boxed-4-columns.html]
[tk-themes.net/html-heli/demo/grid-fullwidth-3-columns.html]
[tk-themes.net/html-heli/demo/grid-fullwidth-4-columns.html]
[tk-themes.net/html-heli/demo/grid-fullwidth-5-columns.html]
[tk-themes.net/html-heli/demo/images/project/project_detail.jpg]
[tk-themes.net/html-heli/demo/images/project/project_detail_2.jpg]
[tk-themes.net/html-heli/demo/project-image.html]
[tk-themes.net/html-heli/demo/project-image-slider.html]
[tk-themes.net/html-heli/demo/project-gallery.html]
[tk-themes.net/html-heli/demo/project-image-gallery.html]
[tk-themes.net/html-heli/demo/js/jquery.fitvids.js]
[tk-themes.net/html-heli/demo/project-video.html]
[tk-themes.net/html-heli/demo/project-video-gallery.html]
[tk-themes.net/html-heli/demo/blog-grid-without-sidebar.html]
[tk-themes.net/html-heli/demo/blog-grid-with-sidebar.html]
[tk-themes.net/html-heli/demo/images/avatar/avatar.jpg]
[tk-themes.net/html-heli/demo/blog-image-detail.html]
[tk-themes.net/html-heli/demo/blog-slider-detail.html]
[tk-themes.net/html-heli/demo/blog-vimeo-detail.html]
[tk-themes.net/html-heli/demo/blog-youtube-detail.html]
[tk-themes.net/html-heli/demo/blog-audio-detail.html]
[tk-themes.net/html-heli/demo/shop.html]
[tk-themes.net/html-heli/demo/shop-with-sidebar.html]
[tk-themes.net/html-heli/demo/images/shop/shop_detail.jpg]
[tk-themes.net/html-heli/demo/shop-detail.html]
[tk-themes.net/html-heli/demo/my-account.html]
[tk-themes.net/html-heli/demo/cart-empty.html]
[tk-themes.net/html-heli/demo/images/shop/thumb/shop_1.jpg]
[tk-themes.net/html-heli/demo/images/shop/thumb/shop_2.jpg]
[tk-themes.net/html-heli/demo/cart.html]
[tk-themes.net/html-heli/demo/images/shop/thumb/shop_3.jpg]
[tk-themes.net/html-heli/demo/images/payment.jpg]
[tk-themes.net/html-heli/demo/checkout.html]
[tk-themes.net/html-heli/demo/accordion.html]
[tk-themes.net/html-heli/demo/button.html]
[tk-themes.net/html-heli/demo/alert-messages.html]
[tk-themes.net/html-heli/demo/call-to-action.html]
[tk-themes.net/html-heli/demo/js/pie-chart.js]
[tk-themes.net/html-heli/demo/charts.html]
[tk-themes.net/html-heli/demo/js/circle-progress.min.js]
[tk-themes.net/html-heli/demo/columns.html]
[tk-themes.net/html-heli/demo/counters.html]
[tk-themes.net/html-heli/demo/divider.html]
[tk-themes.net/html-heli/demo/drop-caps.html]
[tk-themes.net/html-heli/demo/forms.html]
[tk-themes.net/html-heli/demo/icon-boxes.html]
[tk-themes.net/html-heli/demo/lists.html]
[tk-themes.net/html-heli/demo/price-tables.html]
[tk-themes.net/html-heli/demo/images/image_28.jpg]
[tk-themes.net/html-heli/demo/images/image_29.jpg]
[tk-themes.net/html-heli/demo/images/image_30.jpg]
[tk-themes.net/html-heli/demo/process-infographic.html]
[tk-themes.net/html-heli/demo/tabs.html]
[tk-themes.net/html-heli/demo/testimonials-quotes.html]
[tk-themes.net/html-heli/demo/text-block.html]
[tk-themes.net/html-heli/demo/typography.html]
[tk-themes.net/html-heli/demo/countdown-clock.html]
[tk-themes.net/html-heli/demo/header-wide.html]
[tk-themes.net/html-heli/demo/header-transparent.html]
[tk-themes.net/html-heli/demo/header-boxed.html]
[tk-themes.net/html-heli/demo/header-centered.html]
[tk-themes.net/html-heli/demo/header-left-sidebar.html]
[tk-themes.net/html-heli/demo/header-offcanvas.html]
[tk-themes.net/html-heli/demo/footer-standard-dark.html]
[tk-themes.net/html-heli/demo/footer-standard-light.html]
[tk-themes.net/html-heli/demo/footer-simple.html]
[tk-themes.net/html-heli/demo/footer-centered.html]
[tk-themes.net/html-heli/demo/contact-us-2.html]
[tk-themes.net/html-heli/demo/portfolio-detail.html]
[tk-themes.net/html-heli/demo/images/logo2.svg]
[tk-themes.net/html-heli/demo/blog-detail.html]
[tk-themes.net/html-heli/demo/fonts/fontawesome-webfont5b62.svg]
[tk-themes.net/html-heli/demo/fonts/Pe-icon-7-strokebb1d.svg]
[tk-themes.net/html-heli/demo/fonts/revicons90c6.svg]
[tk-themes.net/html-heli/demo/images/openhand.html]
[tk-themes.net/html-heli/demo/images/closedhand.html]
[tk-themes.net/html-heli/demo/css/AjaxLoader.html]
[tk-themes.net/html-heli/demo/fonts/star.svg]
[tk-themes.net/html-heli/demo/images/arrow.svg]
[tk-themes.net/html-heli/demo/images/background/bg_4.svg]
[tk-themes.net/html-heli/demo/images/background/bg_17.svg]
[tk-themes.net/html-heli/demo/css/magnific-popup.css]
[tk-themes.net/html-heli/demo/css/animate.min.css]
[tk-themes.net/html-heli/demo/css/morphext.css]
[heli-4437.kxcdn.com/wp-content/plugins/revslider/admin/assets/images/dummy.html]
[tk-themes.net/html-heli/demo/css/jquery.multiscroll.css]
[heli-4437.kxcdn.com/data/slider/s143_bg.html]
[tk-themes.net/html-heli/demo/1&title=0&byline=0&portrait=0&api=1_.html]
[tk-themes.net/html-heli/demo/css/jquery.fullPage.css]
[heli-4437.kxcdn.com/wp-content/uploads/2017/05/travel_07.html]
